[0724/172548:ERROR:process_info.cc(330)] VirtualQueryEx: Access is denied. (0x5)
[0724/172548:ERROR:process_info.cc(547)] ReadMemoryInfo failed
[0724/172548:ERROR:process_info.cc(608)] range at 0x7ffd4ec85200, size 0x40 fully unreadable
[0724/172548:ERROR:process_info.cc(608)] range at 0x7ffd4ec51410, size 0x12 fully unreadable
[0724/172548:ERROR:process_info.cc(608)] range at 0x7ffd4ec51410, size 0x12 fully unreadable
[0724/172548:ERROR:process_info.cc(608)] range at 0x7ffd4ec51410, size 0x12 fully unreadable
[0724/172548:ERROR:process_info.cc(608)] range at 0x348361800000000, size 0x28b fully unreadable
[0724/172548:ERROR:process_info.cc(608)] range at 0x348367a00000000, size 0x28b fully unreadable
[0724/172548:ERROR:process_info.cc(608)] range at 0x0, size 0x28b fully unreadable
[0724/172548:ERROR:process_info.cc(608)] range at 0x7ffd4ec821e0, size 0x28 fully unreadable
[0724/172548:ERROR:process_info.cc(608)] range at 0x7ffd4ec82d48, size 0x30 fully unreadable
[0724/172548:ERROR:process_reader_win.cc(141)] SuspendThread: Access is denied. (0x5)
[0724/172548:ERROR:exception_snapshot_win.cc(57)] thread ID 4268 not found in process
[0724/172548:WARNING:crash_report_exception_handler.cc(60)] ProcessSnapshotWin::InitializeException failed
[0724/172548:ERROR:scoped_process_suspend.cc(38)] NtResumeProcess, ntstatus=-1073741558
[0725/235838:ERROR:process_info.cc(330)] VirtualQueryEx: Access is denied. (0x5)
[0725/235838:ERROR:process_info.cc(547)] ReadMemoryInfo failed
[0725/235838:ERROR:process_reader_win.cc(232)] ReadMemory at 0xecd6a47000 of 852 bytes failed: Only part of a ReadProcessMemory or WriteProcessMemory request was completed. (0x12B)
[0725/235838:ERROR:process_snapshot_win.cc(349)] ReadMemory PEB
[0725/235838:ERROR:process_reader_win.cc(232)] ReadMemory at 0x7ff7fe7f0000 of 64 bytes failed: Only part of a ReadProcessMemory or WriteProcessMemory request was completed. (0x12B)
[0725/235838:WARNING:pe_image_reader.cc(280)] could not read dos header from C:\Program Files (x86)\Google\Chrome\Application\chrome.exe
[0725/235838:ERROR:process_reader_win.cc(232)] ReadMemory at 0x7ff8cf6c0000 of 64 bytes failed: Only part of a ReadProcessMemory or WriteProcessMemory request was completed. (0x12B)
[0725/235838:WARNING:pe_image_reader.cc(280)] could not read dos header from C:\Windows\SYSTEM32\ntdll.dll
[0725/235838:ERROR:process_reader_win.cc(232)] ReadMemory at 0x7ff8cbd70000 of 64 bytes failed: Only part of a ReadProcessMemory or WriteProcessMemory request was completed. (0x12B)
[0725/235838:WARNING:pe_image_reader.cc(280)] could not read dos header from C:\Windows\system32\KERNELBASE.dll
[0725/235838:ERROR:process_reader_win.cc(232)] ReadMemory at 0x7ff8ccc70000 of 64 bytes failed: Only part of a ReadProcessMemory or WriteProcessMemory request was completed. (0x12B)
[0725/235838:WARNING:pe_image_reader.cc(280)] could not read dos header from C:\Windows\system32\KERNEL32.DLL
[0725/235838:ERROR:process_reader_win.cc(232)] ReadMemory at 0x7ff8ced60000 of 64 bytes failed: Only part of a ReadProcessMemory or WriteProcessMemory request was completed. (0x12B)
[0725/235838:WARNING:pe_image_reader.cc(280)] could not read dos header from C:\Windows\system32\msvcrt.dll
[0725/235838:ERROR:process_reader_win.cc(232)] ReadMemory at 0x7ff8ceb10000 of 64 bytes failed: Only part of a ReadProcessMemory or WriteProcessMemory request was completed. (0x12B)
[0725/235838:WARNING:pe_image_reader.cc(280)] could not read dos header from C:\Windows\system32\RPCRT4.dll
[0725/235838:ERROR:process_reader_win.cc(232)] ReadMemory at 0x7ff8ce5e0000 of 64 bytes failed: Only part of a ReadProcessMemory or WriteProcessMemory request was completed. (0x12B)
[0725/235838:WARNING:pe_image_reader.cc(280)] could not read dos header from C:\Windows\system32\sechost.dll
[0725/235838:ERROR:process_reader_win.cc(232)] ReadMemory at 0x7ff8cf540000 of 64 bytes failed: Only part of a ReadProcessMemory or WriteProcessMemory request was completed. (0x12B)
[0725/235838:WARNING:pe_image_reader.cc(280)] could not read dos header from C:\Windows\system32\ADVAPI32.dll
[0725/235838:ERROR:process_reader_win.cc(232)] ReadMemory at 0x7ff8cc830000 of 64 bytes failed: Only part of a ReadProcessMemory or WriteProcessMemory request was completed. (0x12B)
[0725/235838:WARNING:pe_image_reader.cc(280)] could not read dos header from C:\Windows\system32\bcryptPrimitives.dll
[0725/235838:ERROR:process_reader_win.cc(232)] ReadMemory at 0x7ff8cb7e0000 of 64 bytes failed: Only part of a ReadProcessMemory or WriteProcessMemory request was completed. (0x12B)
[0725/235838:WARNING:pe_image_reader.cc(280)] could not read dos header from C:\Windows\SYSTEM32\CRYPTBASE.DLL
[0725/235838:ERROR:process_reader_win.cc(232)] ReadMemory at 0x7ff8ad530000 of 64 bytes failed: Only part of a ReadProcessMemory or WriteProcessMemory request was completed. (0x12B)
[0725/235838:WARNING:pe_image_reader.cc(280)] could not read dos header from C:\Program Files (x86)\Google\Chrome\Application\51.0.2704.106\chrome_elf.dll
[0725/235838:ERROR:process_reader_win.cc(232)] ReadMemory at 0x7ff8c7950000 of 64 bytes failed: Only part of a ReadProcessMemory or WriteProcessMemory request was completed. (0x12B)
[0725/235838:WARNING:pe_image_reader.cc(280)] could not read dos header from C:\Windows\SYSTEM32\VERSION.dll
[0725/235838:ERROR:process_reader_win.cc(232)] ReadMemory at 0x7ff8cca70000 of 64 bytes failed: Only part of a ReadProcessMemory or WriteProcessMemory request was completed. (0x12B)
[0725/235838:WARNING:pe_image_reader.cc(280)] could not read dos header from C:\Windows\system32\cfgmgr32.dll
[0725/235838:ERROR:process_reader_win.cc(232)] ReadMemory at 0x7ff8c9f00000 of 64 bytes failed: Only part of a ReadProcessMemory or WriteProcessMemory request was completed. (0x12B)
[0725/235838:WARNING:pe_image_reader.cc(280)] could not read dos header from C:\Windows\SYSTEM32\WINMMBASE.dll
[0725/235838:ERROR:process_reader_win.cc(232)] ReadMemory at 0x7ff8ce900000 of 64 bytes failed: Only part of a ReadProcessMemory or WriteProcessMemory request was completed. (0x12B)
[0725/235838:WARNING:pe_image_reader.cc(280)] could not read dos header from C:\Windows\system32\GDI32.dll
[0725/235838:ERROR:process_reader_win.cc(232)] ReadMemory at 0x7ff8ce7a0000 of 64 bytes failed: Only part of a ReadProcessMemory or WriteProcessMemory request was completed. (0x12B)
[0725/235838:WARNING:pe_image_reader.cc(280)] could not read dos header from C:\Windows\system32\USER32.dll
[0725/235838:ERROR:process_reader_win.cc(232)] ReadMemory at 0x7ff8ccac0000 of 64 bytes failed: Only part of a ReadProcessMemory or WriteProcessMemory request was completed. (0x12B)
[0725/235838:WARNING:pe_image_reader.cc(280)] could not read dos header from C:\Windows\system32\IMM32.DLL
[0725/235838:ERROR:process_reader_win.cc(232)] ReadMemory at 0x7ff8c9f60000 of 64 bytes failed: Only part of a ReadProcessMemory or WriteProcessMemory request was completed. (0x12B)
[0725/235838:WARNING:pe_image_reader.cc(280)] could not read dos header from C:\Windows\SYSTEM32\WINMM.dll
[0725/235838:ERROR:process_reader_win.cc(232)] ReadMemory at 0x7ff8cbce0000 of 64 bytes failed: Only part of a ReadProcessMemory or WriteProcessMemory request was completed. (0x12B)
[0725/235838:WARNING:pe_image_reader.cc(280)] could not read dos header from C:\Windows\system32\profapi.dll
[0725/235838:ERROR:process_reader_win.cc(232)] ReadMemory at 0x7ff8cb4a0000 of 64 bytes failed: Only part of a ReadProcessMemory or WriteProcessMemory request was completed. (0x12B)
[0725/235838:WARNING:pe_image_reader.cc(280)] could not read dos header from C:\Windows\SYSTEM32\USERENV.dll
[0725/235838:ERROR:process_reader_win.cc(232)] ReadMemory at 0x7ff8c99d0000 of 64 bytes failed: Only part of a ReadProcessMemory or WriteProcessMemory request was completed. (0x12B)
[0725/235838:WARNING:pe_image_reader.cc(280)] could not read dos header from C:\Windows\SYSTEM32\WTSAPI32.dll
[0725/235838:ERROR:process_reader_win.cc(232)] ReadMemory at 0x7ff8c7050000 of 64 bytes failed: Only part of a ReadProcessMemory or WriteProcessMemory request was completed. (0x12B)
[0725/235838:WARNING:pe_image_reader.cc(280)] could not read dos header from C:\Windows\SYSTEM32\WINHTTP.dll
[0725/235838:ERROR:process_reader_win.cc(232)] ReadMemory at 0x7ff8ccd20000 of 64 bytes failed: Only part of a ReadProcessMemory or WriteProcessMemory request was completed. (0x12B)
[0725/235838:WARNING:pe_image_reader.cc(280)] could not read dos header from C:\Windows\system32\combase.dll
[0725/235838:ERROR:process_reader_win.cc(232)] ReadMemory at 0x7ff8ccc10000 of 64 bytes failed: Only part of a ReadProcessMemory or WriteProcessMemory request was completed. (0x12B)
[0725/235838:WARNING:pe_image_reader.cc(280)] could not read dos header from C:\Windows\system32\shlwapi.dll
[0725/235838:ERROR:process_reader_win.cc(232)] ReadMemory at 0x7ff8cbd50000 of 64 bytes failed: Only part of a ReadProcessMemory or WriteProcessMemory request was completed. (0x12B)
[0725/235838:WARNING:pe_image_reader.cc(280)] could not read dos header from C:\Windows\system32\kernel.appcore.dll
[0725/235838:ERROR:process_reader_win.cc(232)] ReadMemory at 0x7ff8cc900000 of 64 bytes failed: Only part of a ReadProcessMemory or WriteProcessMemory request was completed. (0x12B)
[0725/235838:WARNING:pe_image_reader.cc(280)] could not read dos header from C:\Windows\system32\shcore.dll
[0725/235838:ERROR:process_reader_win.cc(232)] ReadMemory at 0x7ff8cbd00000 of 64 bytes failed: Only part of a ReadProcessMemory or WriteProcessMemory request was completed. (0x12B)
[0725/235838:WARNING:pe_image_reader.cc(280)] could not read dos header from C:\Windows\system32\powrprof.dll
[0725/235838:ERROR:process_reader_win.cc(232)] ReadMemory at 0x7ff8cc1e0000 of 64 bytes failed: Only part of a ReadProcessMemory or WriteProcessMemory request was completed. (0x12B)
[0725/235838:WARNING:pe_image_reader.cc(280)] could not read dos header from C:\Windows\system32\windows.storage.dll
[0725/235838:ERROR:process_reader_win.cc(232)] ReadMemory at 0x7ff8cd010000 of 64 bytes failed: Only part of a ReadProcessMemory or WriteProcessMemory request was completed. (0x12B)
[0725/235838:WARNING:pe_image_reader.cc(280)] could not read dos header from C:\Windows\system32\SHELL32.dll
[0725/235838:ERROR:process_reader_win.cc(232)] ReadMemory at 0x7ff8cee00000 of 64 bytes failed: Only part of a ReadProcessMemory or WriteProcessMemory request was completed. (0x12B)
[0725/235838:WARNING:pe_image_reader.cc(280)] could not read dos header from C:\Windows\system32\PSAPI.DLL
[0725/235838:ERROR:process_reader_win.cc(232)] ReadMemory at 0x7ff8cb8e0000 of 64 bytes failed: Only part of a ReadProcessMemory or WriteProcessMemory request was completed. (0x12B)
[0725/235838:WARNING:pe_image_reader.cc(280)] could not read dos header from C:\Windows\SYSTEM32\bcrypt.dll
[0725/235838:ERROR:process_reader_win.cc(232)] ReadMemory at 0x7ff8c3840000 of 64 bytes failed: Only part of a ReadProcessMemory or WriteProcessMemory request was completed. (0x12B)
[0725/235838:WARNING:pe_image_reader.cc(280)] could not read dos header from C:\Windows\SYSTEM32\WINSPOOL.DRV
[0725/235838:ERROR:process_reader_win.cc(232)] ReadMemory at 0x7ff8c7620000 of 64 bytes failed: Only part of a ReadProcessMemory or WriteProcessMemory request was completed. (0x12B)
[0725/235838:WARNING:pe_image_reader.cc(280)] could not read dos header from C:\Windows\WinSxS\amd64_microsoft.windows.common-controls_6595b64144ccf1df_6.0.10586.494_none_a2d8b04ea53e3145\COMCTL32.dll
[0725/235838:ERROR:process_reader_win.cc(232)] ReadMemory at 0x7ff8cc9c0000 of 64 bytes failed: Only part of a ReadProcessMemory or WriteProcessMemory request was completed. (0x12B)
[0725/235838:WARNING:pe_image_reader.cc(280)] could not read dos header from C:\Windows\system32\FirewallAPI.dll
[0725/235838:ERROR:process_reader_win.cc(232)] ReadMemory at 0x7ff8caa60000 of 64 bytes failed: Only part of a ReadProcessMemory or WriteProcessMemory request was completed. (0x12B)
[0725/235838:WARNING:pe_image_reader.cc(280)] could not read dos header from C:\Windows\system32\fwbase.dll
[0725/235838:ERROR:process_reader_win.cc(232)] ReadMemory at 0x7ff8cca50000 of 64 bytes failed: Only part of a ReadProcessMemory or WriteProcessMemory request was completed. (0x12B)
[0725/235838:WARNING:pe_image_reader.cc(280)] could not read dos header from C:\Windows\system32\NETAPI32.dll
[0725/235838:ERROR:process_reader_win.cc(232)] ReadMemory at 0x7ff8c9ff0000 of 64 bytes failed: Only part of a ReadProcessMemory or WriteProcessMemory request was completed. (0x12B)
[0725/235838:WARNING:pe_image_reader.cc(280)] could not read dos header from C:\Windows\SYSTEM32\DAVHLPR.DLL
[0725/235838:ERROR:process_reader_win.cc(232)] ReadMemory at 0x7ff8ccb00000 of 64 bytes failed: Only part of a ReadProcessMemory or WriteProcessMemory request was completed. (0x12B)
[0725/235838:WARNING:pe_image_reader.cc(280)] could not read dos header from C:\Windows\system32\COMDLG32.dll
[0725/235838:ERROR:process_reader_win.cc(232)] ReadMemory at 0x7ff8cefc0000 of 64 bytes failed: Only part of a ReadProcessMemory or WriteProcessMemory request was completed. (0x12B)
[0725/235838:WARNING:pe_image_reader.cc(280)] could not read dos header from C:\Windows\system32\ole32.dll
[0725/235838:ERROR:process_reader_win.cc(232)] ReadMemory at 0x7ff8cf5f0000 of 64 bytes failed: Only part of a ReadProcessMemory or WriteProcessMemory request was completed. (0x12B)
[0725/235838:WARNING:pe_image_reader.cc(280)] could not read dos header from C:\Windows\system32\OLEAUT32.dll
[0725/235838:ERROR:process_reader_win.cc(232)] ReadMemory at 0x7ff8c2980000 of 64 bytes failed: Only part of a ReadProcessMemory or WriteProcessMemory request was completed. (0x12B)
[0725/235838:WARNING:pe_image_reader.cc(280)] could not read dos header from C:\Windows\SYSTEM32\IPHLPAPI.DLL
[0725/235838:ERROR:process_reader_win.cc(232)] ReadMemory at 0x7ff8ccfa0000 of 64 bytes failed: Only part of a ReadProcessMemory or WriteProcessMemory request was completed. (0x12B)
[0725/235838:WARNING:pe_image_reader.cc(280)] could not read dos header from C:\Windows\system32\WS2_32.dll
[0725/235838:ERROR:process_reader_win.cc(232)] ReadMemory at 0x7ff8ad030000 of 64 bytes failed: Only part of a ReadProcessMemory or WriteProcessMemory request was completed. (0x12B)
[0725/235838:WARNING:pe_image_reader.cc(280)] could not read dos header from C:\Windows\SYSTEM32\USP10.dll
[0725/235838:ERROR:process_reader_win.cc(232)] ReadMemory at 0x7ff8cbd60000 of 64 bytes failed: Only part of a ReadProcessMemory or WriteProcessMemory request was completed. (0x12B)
[0725/235838:WARNING:pe_image_reader.cc(280)] could not read dos header from C:\Windows\system32\MSASN1.dll
[0725/235838:ERROR:process_reader_win.cc(232)] ReadMemory at 0x7ff8cc010000 of 64 bytes failed: Only part of a ReadProcessMemory or WriteProcessMemory request was completed. (0x12B)
[0725/235838:WARNING:pe_image_reader.cc(280)] could not read dos header from C:\Windows\system32\CRYPT32.dll
[0725/235838:ERROR:process_reader_win.cc(232)] ReadMemory at 0x7ff8cc8a0000 of 64 bytes failed: Only part of a ReadProcessMemory or WriteProcessMemory request was completed. (0x12B)
[0725/235838:WARNING:pe_image_reader.cc(280)] could not read dos header from C:\Windows\system32\WINTRUST.dll
[0725/235838:ERROR:process_reader_win.cc(232)] ReadMemory at 0x7ff8bcd70000 of 64 bytes failed: Only part of a ReadProcessMemory or WriteProcessMemory request was completed. (0x12B)
[0725/235838:WARNING:pe_image_reader.cc(280)] could not read dos header from C:\Windows\SYSTEM32\Secur32.dll
[0725/235838:ERROR:process_reader_win.cc(232)] ReadMemory at 0x7ff8cb9f0000 of 64 bytes failed: Only part of a ReadProcessMemory or WriteProcessMemory request was completed. (0x12B)
[0725/235838:WARNING:pe_image_reader.cc(280)] could not read dos header from C:\Windows\SYSTEM32\SSPICLI.DLL
[0725/235838:ERROR:process_reader_win.cc(232)] ReadMemory at 0x7ff89e370000 of 64 bytes failed: Only part of a ReadProcessMemory or WriteProcessMemory request was completed. (0x12B)
[0725/235838:WARNING:pe_image_reader.cc(280)] could not read dos header from C:\Program Files (x86)\Google\Chrome\Application\51.0.2704.106\chrome_child.dll
[0725/235838:ERROR:process_reader_win.cc(232)] ReadMemory at 0x7ff8c0430000 of 64 bytes failed: Only part of a ReadProcessMemory or WriteProcessMemory request was completed. (0x12B)
[0725/235838:WARNING:pe_image_reader.cc(280)] could not read dos header from C:\Windows\SYSTEM32\dwrite.dll
[0725/235838:ERROR:process_reader_win.cc(232)] ReadMemory at 0x7ff8cf805340 of 6656 bytes failed: Only part of a ReadProcessMemory or WriteProcessMemory request was completed. (0x12B)
[0725/235838:ERROR:process_reader_win.cc(232)] ReadMemory at 0x7ff7fe7f0000 of 64 bytes failed: Only part of a ReadProcessMemory or WriteProcessMemory request was completed. (0x12B)
[0725/235838:WARNING:pe_image_reader.cc(280)] could not read dos header from C:\Program Files (x86)\Google\Chrome\Application\chrome.exe
[0725/235838:ERROR:process_reader_win.cc(232)] ReadMemory at 0x7ff8cf6c0000 of 64 bytes failed: Only part of a ReadProcessMemory or WriteProcessMemory request was completed. (0x12B)
[0725/235838:WARNING:pe_image_reader.cc(280)] could not read dos header from C:\Windows\SYSTEM32\ntdll.dll
[0725/235838:ERROR:process_reader_win.cc(232)] ReadMemory at 0x7ff8cbd70000 of 64 bytes failed: Only part of a ReadProcessMemory or WriteProcessMemory request was completed. (0x12B)
[0725/235838:WARNING:pe_image_reader.cc(280)] could not read dos header from C:\Windows\system32\KERNELBASE.dll
[0725/235838:ERROR:process_reader_win.cc(232)] ReadMemory at 0x7ff8ccc70000 of 64 bytes failed: Only part of a ReadProcessMemory or WriteProcessMemory request was completed. (0x12B)
[0725/235838:WARNING:pe_image_reader.cc(280)] could not read dos header from C:\Windows\system32\KERNEL32.DLL
[0725/235838:ERROR:process_reader_win.cc(232)] ReadMemory at 0x7ff8ced60000 of 64 bytes failed: Only part of a ReadProcessMemory or WriteProcessMemory request was completed. (0x12B)
[0725/235838:WARNING:pe_image_reader.cc(280)] could not read dos header from C:\Windows\system32\msvcrt.dll
[0725/235838:ERROR:process_reader_win.cc(232)] ReadMemory at 0x7ff8ceb10000 of 64 bytes failed: Only part of a ReadProcessMemory or WriteProcessMemory request was completed. (0x12B)
[0725/235838:WARNING:pe_image_reader.cc(280)] could not read dos header from C:\Windows\system32\RPCRT4.dll
[0725/235838:ERROR:process_reader_win.cc(232)] ReadMemory at 0x7ff8ce5e0000 of 64 bytes failed: Only part of a ReadProcessMemory or WriteProcessMemory request was completed. (0x12B)
[0725/235838:WARNING:pe_image_reader.cc(280)] could not read dos header from C:\Windows\system32\sechost.dll
[0725/235838:ERROR:process_reader_win.cc(232)] ReadMemory at 0x7ff8cf540000 of 64 bytes failed: Only part of a ReadProcessMemory or WriteProcessMemory request was completed. (0x12B)
[0725/235838:WARNING:pe_image_reader.cc(280)] could not read dos header from C:\Windows\system32\ADVAPI32.dll
[0725/235838:ERROR:process_reader_win.cc(232)] ReadMemory at 0x7ff8cc830000 of 64 bytes failed: Only part of a ReadProcessMemory or WriteProcessMemory request was completed. (0x12B)
[0725/235838:WARNING:pe_image_reader.cc(280)] could not read dos header from C:\Windows\system32\bcryptPrimitives.dll
[0725/235838:ERROR:process_reader_win.cc(232)] ReadMemory at 0x7ff8cb7e0000 of 64 bytes failed: Only part of a ReadProcessMemory or WriteProcessMemory request was completed. (0x12B)
[0725/235838:WARNING:pe_image_reader.cc(280)] could not read dos header from C:\Windows\SYSTEM32\CRYPTBASE.DLL
[0725/235838:ERROR:process_reader_win.cc(232)] ReadMemory at 0x7ff8ad530000 of 64 bytes failed: Only part of a ReadProcessMemory or WriteProcessMemory request was completed. (0x12B)
[0725/235838:WARNING:pe_image_reader.cc(280)] could not read dos header from C:\Program Files (x86)\Google\Chrome\Application\51.0.2704.106\chrome_elf.dll
[0725/235838:ERROR:process_reader_win.cc(232)] ReadMemory at 0x7ff8c7950000 of 64 bytes failed: Only part of a ReadProcessMemory or WriteProcessMemory request was completed. (0x12B)
[0725/235838:WARNING:pe_image_reader.cc(280)] could not read dos header from C:\Windows\SYSTEM32\VERSION.dll
[0725/235838:ERROR:process_reader_win.cc(232)] ReadMemory at 0x7ff8cca70000 of 64 bytes failed: Only part of a ReadProcessMemory or WriteProcessMemory request was completed. (0x12B)
[0725/235838:WARNING:pe_image_reader.cc(280)] could not read dos header from C:\Windows\system32\cfgmgr32.dll
[0725/235838:ERROR:process_reader_win.cc(232)] ReadMemory at 0x7ff8c9f00000 of 64 bytes failed: Only part of a ReadProcessMemory or WriteProcessMemory request was completed. (0x12B)
[0725/235838:WARNING:pe_image_reader.cc(280)] could not read dos header from C:\Windows\SYSTEM32\WINMMBASE.dll
[0725/235838:ERROR:process_reader_win.cc(232)] ReadMemory at 0x7ff8ce900000 of 64 bytes failed: Only part of a ReadProcessMemory or WriteProcessMemory request was completed. (0x12B)
[0725/235838:WARNING:pe_image_reader.cc(280)] could not read dos header from C:\Windows\system32\GDI32.dll
[0725/235838:ERROR:process_reader_win.cc(232)] ReadMemory at 0x7ff8ce7a0000 of 64 bytes failed: Only part of a ReadProcessMemory or WriteProcessMemory request was completed. (0x12B)
[0725/235838:WARNING:pe_image_reader.cc(280)] could not read dos header from C:\Windows\system32\USER32.dll
[0725/235838:ERROR:process_reader_win.cc(232)] ReadMemory at 0x7ff8ccac0000 of 64 bytes failed: Only part of a ReadProcessMemory or WriteProcessMemory request was completed. (0x12B)
[0725/235838:WARNING:pe_image_reader.cc(280)] could not read dos header from C:\Windows\system32\IMM32.DLL
[0725/235838:ERROR:process_reader_win.cc(232)] ReadMemory at 0x7ff8c9f60000 of 64 bytes failed: Only part of a ReadProcessMemory or WriteProcessMemory request was completed. (0x12B)
[0725/235838:WARNING:pe_image_reader.cc(280)] could not read dos header from C:\Windows\SYSTEM32\WINMM.dll
[0725/235838:ERROR:process_reader_win.cc(232)] ReadMemory at 0x7ff8cbce0000 of 64 bytes failed: Only part of a ReadProcessMemory or WriteProcessMemory request was completed. (0x12B)
[0725/235838:WARNING:pe_image_reader.cc(280)] could not read dos header from C:\Windows\system32\profapi.dll
[0725/235838:ERROR:process_reader_win.cc(232)] ReadMemory at 0x7ff8cb4a0000 of 64 bytes failed: Only part of a ReadProcessMemory or WriteProcessMemory request was completed. (0x12B)
[0725/235838:WARNING:pe_image_reader.cc(280)] could not read dos header from C:\Windows\SYSTEM32\USERENV.dll
[0725/235838:ERROR:process_reader_win.cc(232)] ReadMemory at 0x7ff8c99d0000 of 64 bytes failed: Only part of a ReadProcessMemory or WriteProcessMemory request was completed. (0x12B)
[0725/235838:WARNING:pe_image_reader.cc(280)] could not read dos header from C:\Windows\SYSTEM32\WTSAPI32.dll
[0725/235838:ERROR:process_reader_win.cc(232)] ReadMemory at 0x7ff8c7050000 of 64 bytes failed: Only part of a ReadProcessMemory or WriteProcessMemory request was completed. (0x12B)
[0725/235838:WARNING:pe_image_reader.cc(280)] could not read dos header from C:\Windows\SYSTEM32\WINHTTP.dll
[0725/235838:ERROR:process_reader_win.cc(232)] ReadMemory at 0x7ff8ccd20000 of 64 bytes failed: Only part of a ReadProcessMemory or WriteProcessMemory request was completed. (0x12B)
[0725/235838:WARNING:pe_image_reader.cc(280)] could not read dos header from C:\Windows\system32\combase.dll
[0725/235838:ERROR:process_reader_win.cc(232)] ReadMemory at 0x7ff8ccc10000 of 64 bytes failed: Only part of a ReadProcessMemory or WriteProcessMemory request was completed. (0x12B)
[0725/235838:WARNING:pe_image_reader.cc(280)] could not read dos header from C:\Windows\system32\shlwapi.dll
[0725/235838:ERROR:process_reader_win.cc(232)] ReadMemory at 0x7ff8cbd50000 of 64 bytes failed: Only part of a ReadProcessMemory or WriteProcessMemory request was completed. (0x12B)
[0725/235838:WARNING:pe_image_reader.cc(280)] could not read dos header from C:\Windows\system32\kernel.appcore.dll
[0725/235838:ERROR:process_reader_win.cc(232)] ReadMemory at 0x7ff8cc900000 of 64 bytes failed: Only part of a ReadProcessMemory or WriteProcessMemory request was completed. (0x12B)
[0725/235838:WARNING:pe_image_reader.cc(280)] could not read dos header from C:\Windows\system32\shcore.dll
[0725/235838:ERROR:process_reader_win.cc(232)] ReadMemory at 0x7ff8cbd00000 of 64 bytes failed: Only part of a ReadProcessMemory or WriteProcessMemory request was completed. (0x12B)
[0725/235838:WARNING:pe_image_reader.cc(280)] could not read dos header from C:\Windows\system32\powrprof.dll
[0725/235838:ERROR:process_reader_win.cc(232)] ReadMemory at 0x7ff8cc1e0000 of 64 bytes failed: Only part of a ReadProcessMemory or WriteProcessMemory request was completed. (0x12B)
[0725/235838:WARNING:pe_image_reader.cc(280)] could not read dos header from C:\Windows\system32\windows.storage.dll
[0725/235838:ERROR:process_reader_win.cc(232)] ReadMemory at 0x7ff8cd010000 of 64 bytes failed: Only part of a ReadProcessMemory or WriteProcessMemory request was completed. (0x12B)
[0725/235838:WARNING:pe_image_reader.cc(280)] could not read dos header from C:\Windows\system32\SHELL32.dll
[0725/235838:ERROR:process_reader_win.cc(232)] ReadMemory at 0x7ff8cee00000 of 64 bytes failed: Only part of a ReadProcessMemory or WriteProcessMemory request was completed. (0x12B)
[0725/235838:WARNING:pe_image_reader.cc(280)] could not read dos header from C:\Windows\system32\PSAPI.DLL
[0725/235838:ERROR:process_reader_win.cc(232)] ReadMemory at 0x7ff8cb8e0000 of 64 bytes failed: Only part of a ReadProcessMemory or WriteProcessMemory request was completed. (0x12B)
[0725/235838:WARNING:pe_image_reader.cc(280)] could not read dos header from C:\Windows\SYSTEM32\bcrypt.dll
[0725/235838:ERROR:process_reader_win.cc(232)] ReadMemory at 0x7ff8c3840000 of 64 bytes failed: Only part of a ReadProcessMemory or WriteProcessMemory request was completed. (0x12B)
[0725/235838:WARNING:pe_image_reader.cc(280)] could not read dos header from C:\Windows\SYSTEM32\WINSPOOL.DRV
[0725/235838:ERROR:process_reader_win.cc(232)] ReadMemory at 0x7ff8c7620000 of 64 bytes failed: Only part of a ReadProcessMemory or WriteProcessMemory request was completed. (0x12B)
[0725/235838:WARNING:pe_image_reader.cc(280)] could not read dos header from C:\Windows\WinSxS\amd64_microsoft.windows.common-controls_6595b64144ccf1df_6.0.10586.494_none_a2d8b04ea53e3145\COMCTL32.dll
[0725/235838:ERROR:process_reader_win.cc(232)] ReadMemory at 0x7ff8cc9c0000 of 64 bytes failed: Only part of a ReadProcessMemory or WriteProcessMemory request was completed. (0x12B)
[0725/235838:WARNING:pe_image_reader.cc(280)] could not read dos header from C:\Windows\system32\FirewallAPI.dll
[0725/235838:ERROR:process_reader_win.cc(232)] ReadMemory at 0x7ff8caa60000 of 64 bytes failed: Only part of a ReadProcessMemory or WriteProcessMemory request was completed. (0x12B)
[0725/235838:WARNING:pe_image_reader.cc(280)] could not read dos header from C:\Windows\system32\fwbase.dll
[0725/235838:ERROR:process_reader_win.cc(232)] ReadMemory at 0x7ff8cca50000 of 64 bytes failed: Only part of a ReadProcessMemory or WriteProcessMemory request was completed. (0x12B)
[0725/235838:WARNING:pe_image_reader.cc(280)] could not read dos header from C:\Windows\system32\NETAPI32.dll
[0725/235838:ERROR:process_reader_win.cc(232)] ReadMemory at 0x7ff8c9ff0000 of 64 bytes failed: Only part of a ReadProcessMemory or WriteProcessMemory request was completed. (0x12B)
[0725/235838:WARNING:pe_image_reader.cc(280)] could not read dos header from C:\Windows\SYSTEM32\DAVHLPR.DLL
[0725/235838:ERROR:process_reader_win.cc(232)] ReadMemory at 0x7ff8ccb00000 of 64 bytes failed: Only part of a ReadProcessMemory or WriteProcessMemory request was completed. (0x12B)
[0725/235838:WARNING:pe_image_reader.cc(280)] could not read dos header from C:\Windows\system32\COMDLG32.dll
[0725/235838:ERROR:process_reader_win.cc(232)] ReadMemory at 0x7ff8cefc0000 of 64 bytes failed: Only part of a ReadProcessMemory or WriteProcessMemory request was completed. (0x12B)
[0725/235838:WARNING:pe_image_reader.cc(280)] could not read dos header from C:\Windows\system32\ole32.dll
[0725/235838:ERROR:process_reader_win.cc(232)] ReadMemory at 0x7ff8cf5f0000 of 64 bytes failed: Only part of a ReadProcessMemory or WriteProcessMemory request was completed. (0x12B)
[0725/235838:WARNING:pe_image_reader.cc(280)] could not read dos header from C:\Windows\system32\OLEAUT32.dll
[0725/235838:ERROR:process_reader_win.cc(232)] ReadMemory at 0x7ff8c2980000 of 64 bytes failed: Only part of a ReadProcessMemory or WriteProcessMemory request was completed. (0x12B)
[0725/235838:WARNING:pe_image_reader.cc(280)] could not read dos header from C:\Windows\SYSTEM32\IPHLPAPI.DLL
[0725/235838:ERROR:process_reader_win.cc(232)] ReadMemory at 0x7ff8ccfa0000 of 64 bytes failed: Only part of a ReadProcessMemory or WriteProcessMemory request was completed. (0x12B)
[0725/235838:WARNING:pe_image_reader.cc(280)] could not read dos header from C:\Windows\system32\WS2_32.dll
[0725/235838:ERROR:process_reader_win.cc(232)] ReadMemory at 0x7ff8ad030000 of 64 bytes failed: Only part of a ReadProcessMemory or WriteProcessMemory request was completed. (0x12B)
[0725/235838:WARNING:pe_image_reader.cc(280)] could not read dos header from C:\Windows\SYSTEM32\USP10.dll
[0725/235838:ERROR:process_reader_win.cc(232)] ReadMemory at 0x7ff8cbd60000 of 64 bytes failed: Only part of a ReadProcessMemory or WriteProcessMemory request was completed. (0x12B)
[0725/235838:WARNING:pe_image_reader.cc(280)] could not read dos header from C:\Windows\system32\MSASN1.dll
[0725/235838:ERROR:process_reader_win.cc(232)] ReadMemory at 0x7ff8cc010000 of 64 bytes failed: Only part of a ReadProcessMemory or WriteProcessMemory request was completed. (0x12B)
[0725/235838:WARNING:pe_image_reader.cc(280)] could not read dos header from C:\Windows\system32\CRYPT32.dll
[0725/235838:ERROR:process_reader_win.cc(232)] ReadMemory at 0x7ff8cc8a0000 of 64 bytes failed: Only part of a ReadProcessMemory or WriteProcessMemory request was completed. (0x12B)
[0725/235838:WARNING:pe_image_reader.cc(280)] could not read dos header from C:\Windows\system32\WINTRUST.dll
[0725/235838:ERROR:process_reader_win.cc(232)] ReadMemory at 0x7ff8bcd70000 of 64 bytes failed: Only part of a ReadProcessMemory or WriteProcessMemory request was completed. (0x12B)
[0725/235838:WARNING:pe_image_reader.cc(280)] could not read dos header from C:\Windows\SYSTEM32\Secur32.dll
[0725/235838:ERROR:process_reader_win.cc(232)] ReadMemory at 0x7ff8cb9f0000 of 64 bytes failed: Only part of a ReadProcessMemory or WriteProcessMemory request was completed. (0x12B)
[0725/235838:WARNING:pe_image_reader.cc(280)] could not read dos header from C:\Windows\SYSTEM32\SSPICLI.DLL
[0725/235838:ERROR:process_reader_win.cc(232)] ReadMemory at 0x7ff89e370000 of 64 bytes failed: Only part of a ReadProcessMemory or WriteProcessMemory request was completed. (0x12B)
[0725/235838:WARNING:pe_image_reader.cc(280)] could not read dos header from C:\Program Files (x86)\Google\Chrome\Application\51.0.2704.106\chrome_child.dll
[0725/235838:ERROR:process_reader_win.cc(232)] ReadMemory at 0x7ff8c0430000 of 64 bytes failed: Only part of a ReadProcessMemory or WriteProcessMemory request was completed. (0x12B)
[0725/235838:WARNING:pe_image_reader.cc(280)] could not read dos header from C:\Windows\SYSTEM32\dwrite.dll
[0725/235838:ERROR:process_reader_win.cc(98)] process 11608 not found
[0725/235838:ERROR:process_reader_win.cc(232)] ReadMemory at 0x7ff7fe7f0000 of 64 bytes failed: Only part of a ReadProcessMemory or WriteProcessMemory request was completed. (0x12B)
[0725/235838:WARNING:pe_image_reader.cc(280)] could not read dos header from C:\Program Files (x86)\Google\Chrome\Application\chrome.exe
[0725/235838:ERROR:process_reader_win.cc(232)] ReadMemory at 0x7ff8cf6c0000 of 64 bytes failed: Only part of a ReadProcessMemory or WriteProcessMemory request was completed. (0x12B)
[0725/235838:WARNING:pe_image_reader.cc(280)] could not read dos header from C:\Windows\SYSTEM32\ntdll.dll
[0725/235838:ERROR:process_reader_win.cc(232)] ReadMemory at 0x7ff8cbd70000 of 64 bytes failed: Only part of a ReadProcessMemory or WriteProcessMemory request was completed. (0x12B)
[0725/235838:WARNING:pe_image_reader.cc(280)] could not read dos header from C:\Windows\system32\KERNELBASE.dll
[0725/235838:ERROR:process_reader_win.cc(232)] ReadMemory at 0x7ff8ccc70000 of 64 bytes failed: Only part of a ReadProcessMemory or WriteProcessMemory request was completed. (0x12B)
[0725/235838:WARNING:pe_image_reader.cc(280)] could not read dos header from C:\Windows\system32\KERNEL32.DLL
[0725/235838:ERROR:process_reader_win.cc(232)] ReadMemory at 0x7ff8ced60000 of 64 bytes failed: Only part of a ReadProcessMemory or WriteProcessMemory request was completed. (0x12B)
[0725/235838:WARNING:pe_image_reader.cc(280)] could not read dos header from C:\Windows\system32\msvcrt.dll
[0725/235838:ERROR:process_reader_win.cc(232)] ReadMemory at 0x7ff8ceb10000 of 64 bytes failed: Only part of a ReadProcessMemory or WriteProcessMemory request was completed. (0x12B)
[0725/235838:WARNING:pe_image_reader.cc(280)] could not read dos header from C:\Windows\system32\RPCRT4.dll
[0725/235838:ERROR:process_reader_win.cc(232)] ReadMemory at 0x7ff8ce5e0000 of 64 bytes failed: Only part of a ReadProcessMemory or WriteProcessMemory request was completed. (0x12B)
[0725/235838:WARNING:pe_image_reader.cc(280)] could not read dos header from C:\Windows\system32\sechost.dll
[0725/235838:ERROR:process_reader_win.cc(232)] ReadMemory at 0x7ff8cf540000 of 64 bytes failed: Only part of a ReadProcessMemory or WriteProcessMemory request was completed. (0x12B)
[0725/235838:WARNING:pe_image_reader.cc(280)] could not read dos header from C:\Windows\system32\ADVAPI32.dll
[0725/235838:ERROR:process_reader_win.cc(232)] ReadMemory at 0x7ff8cc830000 of 64 bytes failed: Only part of a ReadProcessMemory or WriteProcessMemory request was completed. (0x12B)
[0725/235838:WARNING:pe_image_reader.cc(280)] could not read dos header from C:\Windows\system32\bcryptPrimitives.dll
[0725/235838:ERROR:process_reader_win.cc(232)] ReadMemory at 0x7ff8cb7e0000 of 64 bytes failed: Only part of a ReadProcessMemory or WriteProcessMemory request was completed. (0x12B)
[0725/235838:WARNING:pe_image_reader.cc(280)] could not read dos header from C:\Windows\SYSTEM32\CRYPTBASE.DLL
[0725/235838:ERROR:process_reader_win.cc(232)] ReadMemory at 0x7ff8ad530000 of 64 bytes failed: Only part of a ReadProcessMemory or WriteProcessMemory request was completed. (0x12B)
[0725/235838:WARNING:pe_image_reader.cc(280)] could not read dos header from C:\Program Files (x86)\Google\Chrome\Application\51.0.2704.106\chrome_elf.dll
[0725/235838:ERROR:process_reader_win.cc(232)] ReadMemory at 0x7ff8c7950000 of 64 bytes failed: Only part of a ReadProcessMemory or WriteProcessMemory request was completed. (0x12B)
[0725/235838:WARNING:pe_image_reader.cc(280)] could not read dos header from C:\Windows\SYSTEM32\VERSION.dll
[0725/235838:ERROR:process_reader_win.cc(232)] ReadMemory at 0x7ff8cca70000 of 64 bytes failed: Only part of a ReadProcessMemory or WriteProcessMemory request was completed. (0x12B)
[0725/235838:WARNING:pe_image_reader.cc(280)] could not read dos header from C:\Windows\system32\cfgmgr32.dll
[0725/235838:ERROR:process_reader_win.cc(232)] ReadMemory at 0x7ff8c9f00000 of 64 bytes failed: Only part of a ReadProcessMemory or WriteProcessMemory request was completed. (0x12B)
[0725/235838:WARNING:pe_image_reader.cc(280)] could not read dos header from C:\Windows\SYSTEM32\WINMMBASE.dll
[0725/235838:ERROR:process_reader_win.cc(232)] ReadMemory at 0x7ff8ce900000 of 64 bytes failed: Only part of a ReadProcessMemory or WriteProcessMemory request was completed. (0x12B)
[0725/235838:WARNING:pe_image_reader.cc(280)] could not read dos header from C:\Windows\system32\GDI32.dll
[0725/235838:ERROR:process_reader_win.cc(232)] ReadMemory at 0x7ff8ce7a0000 of 64 bytes failed: Only part of a ReadProcessMemory or WriteProcessMemory request was completed. (0x12B)
[0725/235838:WARNING:pe_image_reader.cc(280)] could not read dos header from C:\Windows\system32\USER32.dll
[0725/235838:ERROR:process_reader_win.cc(232)] ReadMemory at 0x7ff8ccac0000 of 64 bytes failed: Only part of a ReadProcessMemory or WriteProcessMemory request was completed. (0x12B)
[0725/235838:WARNING:pe_image_reader.cc(280)] could not read dos header from C:\Windows\system32\IMM32.DLL
[0725/235838:ERROR:process_reader_win.cc(232)] ReadMemory at 0x7ff8c9f60000 of 64 bytes failed: Only part of a ReadProcessMemory or WriteProcessMemory request was completed. (0x12B)
[0725/235838:WARNING:pe_image_reader.cc(280)] could not read dos header from C:\Windows\SYSTEM32\WINMM.dll
[0725/235838:ERROR:process_reader_win.cc(232)] ReadMemory at 0x7ff8cbce0000 of 64 bytes failed: Only part of a ReadProcessMemory or WriteProcessMemory request was completed. (0x12B)
[0725/235838:WARNING:pe_image_reader.cc(280)] could not read dos header from C:\Windows\system32\profapi.dll
[0725/235838:ERROR:process_reader_win.cc(232)] ReadMemory at 0x7ff8cb4a0000 of 64 bytes failed: Only part of a ReadProcessMemory or WriteProcessMemory request was completed. (0x12B)
[0725/235838:WARNING:pe_image_reader.cc(280)] could not read dos header from C:\Windows\SYSTEM32\USERENV.dll
[0725/235838:ERROR:process_reader_win.cc(232)] ReadMemory at 0x7ff8c99d0000 of 64 bytes failed: Only part of a ReadProcessMemory or WriteProcessMemory request was completed. (0x12B)
[0725/235838:WARNING:pe_image_reader.cc(280)] could not read dos header from C:\Windows\SYSTEM32\WTSAPI32.dll
[0725/235838:ERROR:process_reader_win.cc(232)] ReadMemory at 0x7ff8c7050000 of 64 bytes failed: Only part of a ReadProcessMemory or WriteProcessMemory request was completed. (0x12B)
[0725/235838:WARNING:pe_image_reader.cc(280)] could not read dos header from C:\Windows\SYSTEM32\WINHTTP.dll
[0725/235838:ERROR:process_reader_win.cc(232)] ReadMemory at 0x7ff8ccd20000 of 64 bytes failed: Only part of a ReadProcessMemory or WriteProcessMemory request was completed. (0x12B)
[0725/235838:WARNING:pe_image_reader.cc(280)] could not read dos header from C:\Windows\system32\combase.dll
[0725/235838:ERROR:process_reader_win.cc(232)] ReadMemory at 0x7ff8ccc10000 of 64 bytes failed: Only part of a ReadProcessMemory or WriteProcessMemory request was completed. (0x12B)
[0725/235838:WARNING:pe_image_reader.cc(280)] could not read dos header from C:\Windows\system32\shlwapi.dll
[0725/235838:ERROR:process_reader_win.cc(232)] ReadMemory at 0x7ff8cbd50000 of 64 bytes failed: Only part of a ReadProcessMemory or WriteProcessMemory request was completed. (0x12B)
[0725/235838:WARNING:pe_image_reader.cc(280)] could not read dos header from C:\Windows\system32\kernel.appcore.dll
[0725/235838:ERROR:process_reader_win.cc(232)] ReadMemory at 0x7ff8cc900000 of 64 bytes failed: Only part of a ReadProcessMemory or WriteProcessMemory request was completed. (0x12B)
[0725/235838:WARNING:pe_image_reader.cc(280)] could not read dos header from C:\Windows\system32\shcore.dll
[0725/235838:ERROR:process_reader_win.cc(232)] ReadMemory at 0x7ff8cbd00000 of 64 bytes failed: Only part of a ReadProcessMemory or WriteProcessMemory request was completed. (0x12B)
[0725/235838:WARNING:pe_image_reader.cc(280)] could not read dos header from C:\Windows\system32\powrprof.dll
[0725/235838:ERROR:process_reader_win.cc(232)] ReadMemory at 0x7ff8cc1e0000 of 64 bytes failed: Only part of a ReadProcessMemory or WriteProcessMemory request was completed. (0x12B)
[0725/235838:WARNING:pe_image_reader.cc(280)] could not read dos header from C:\Windows\system32\windows.storage.dll
[0725/235838:ERROR:process_reader_win.cc(232)] ReadMemory at 0x7ff8cd010000 of 64 bytes failed: Only part of a ReadProcessMemory or WriteProcessMemory request was completed. (0x12B)
[0725/235838:WARNING:pe_image_reader.cc(280)] could not read dos header from C:\Windows\system32\SHELL32.dll
[0725/235838:ERROR:process_reader_win.cc(232)] ReadMemory at 0x7ff8cee00000 of 64 bytes failed: Only part of a ReadProcessMemory or WriteProcessMemory request was completed. (0x12B)
[0725/235838:WARNING:pe_image_reader.cc(280)] could not read dos header from C:\Windows\system32\PSAPI.DLL
[0725/235838:ERROR:process_reader_win.cc(232)] ReadMemory at 0x7ff8cb8e0000 of 64 bytes failed: Only part of a ReadProcessMemory or WriteProcessMemory request was completed. (0x12B)
[0725/235838:WARNING:pe_image_reader.cc(280)] could not read dos header from C:\Windows\SYSTEM32\bcrypt.dll
[0725/235838:ERROR:process_reader_win.cc(232)] ReadMemory at 0x7ff8c3840000 of 64 bytes failed: Only part of a ReadProcessMemory or WriteProcessMemory request was completed. (0x12B)
[0725/235838:WARNING:pe_image_reader.cc(280)] could not read dos header from C:\Windows\SYSTEM32\WINSPOOL.DRV
[0725/235838:ERROR:process_reader_win.cc(232)] ReadMemory at 0x7ff8c7620000 of 64 bytes failed: Only part of a ReadProcessMemory or WriteProcessMemory request was completed. (0x12B)
[0725/235838:WARNING:pe_image_reader.cc(280)] could not read dos header from C:\Windows\WinSxS\amd64_microsoft.windows.common-controls_6595b64144ccf1df_6.0.10586.494_none_a2d8b04ea53e3145\COMCTL32.dll
[0725/235838:ERROR:process_reader_win.cc(232)] ReadMemory at 0x7ff8cc9c0000 of 64 bytes failed: Only part of a ReadProcessMemory or WriteProcessMemory request was completed. (0x12B)
[0725/235838:WARNING:pe_image_reader.cc(280)] could not read dos header from C:\Windows\system32\FirewallAPI.dll
[0725/235838:ERROR:process_reader_win.cc(232)] ReadMemory at 0x7ff8caa60000 of 64 bytes failed: Only part of a ReadProcessMemory or WriteProcessMemory request was completed. (0x12B)
[0725/235838:WARNING:pe_image_reader.cc(280)] could not read dos header from C:\Windows\system32\fwbase.dll
[0725/235838:ERROR:process_reader_win.cc(232)] ReadMemory at 0x7ff8cca50000 of 64 bytes failed: Only part of a ReadProcessMemory or WriteProcessMemory request was completed. (0x12B)
[0725/235838:WARNING:pe_image_reader.cc(280)] could not read dos header from C:\Windows\system32\NETAPI32.dll
[0725/235838:ERROR:process_reader_win.cc(232)] ReadMemory at 0x7ff8c9ff0000 of 64 bytes failed: Only part of a ReadProcessMemory or WriteProcessMemory request was completed. (0x12B)
[0725/235838:WARNING:pe_image_reader.cc(280)] could not read dos header from C:\Windows\SYSTEM32\DAVHLPR.DLL
[0725/235838:ERROR:process_reader_win.cc(232)] ReadMemory at 0x7ff8ccb00000 of 64 bytes failed: Only part of a ReadProcessMemory or WriteProcessMemory request was completed. (0x12B)
[0725/235838:WARNING:pe_image_reader.cc(280)] could not read dos header from C:\Windows\system32\COMDLG32.dll
[0725/235838:ERROR:process_reader_win.cc(232)] ReadMemory at 0x7ff8cefc0000 of 64 bytes failed: Only part of a ReadProcessMemory or WriteProcessMemory request was completed. (0x12B)
[0725/235838:WARNING:pe_image_reader.cc(280)] could not read dos header from C:\Windows\system32\ole32.dll
[0725/235838:ERROR:process_reader_win.cc(232)] ReadMemory at 0x7ff8cf5f0000 of 64 bytes failed: Only part of a ReadProcessMemory or WriteProcessMemory request was completed. (0x12B)
[0725/235838:WARNING:pe_image_reader.cc(280)] could not read dos header from C:\Windows\system32\OLEAUT32.dll
[0725/235838:ERROR:process_reader_win.cc(232)] ReadMemory at 0x7ff8c2980000 of 64 bytes failed: Only part of a ReadProcessMemory or WriteProcessMemory request was completed. (0x12B)
[0725/235838:WARNING:pe_image_reader.cc(280)] could not read dos header from C:\Windows\SYSTEM32\IPHLPAPI.DLL
[0725/235838:ERROR:process_reader_win.cc(232)] ReadMemory at 0x7ff8ccfa0000 of 64 bytes failed: Only part of a ReadProcessMemory or WriteProcessMemory request was completed. (0x12B)
[0725/235838:WARNING:pe_image_reader.cc(280)] could not read dos header from C:\Windows\system32\WS2_32.dll
[0725/235838:ERROR:process_reader_win.cc(232)] ReadMemory at 0x7ff8ad030000 of 64 bytes failed: Only part of a ReadProcessMemory or WriteProcessMemory request was completed. (0x12B)
[0725/235838:WARNING:pe_image_reader.cc(280)] could not read dos header from C:\Windows\SYSTEM32\USP10.dll
[0725/235838:ERROR:process_reader_win.cc(232)] ReadMemory at 0x7ff8cbd60000 of 64 bytes failed: Only part of a ReadProcessMemory or WriteProcessMemory request was completed. (0x12B)
[0725/235838:WARNING:pe_image_reader.cc(280)] could not read dos header from C:\Windows\system32\MSASN1.dll
[0725/235838:ERROR:process_reader_win.cc(232)] ReadMemory at 0x7ff8cc010000 of 64 bytes failed: Only part of a ReadProcessMemory or WriteProcessMemory request was completed. (0x12B)
[0725/235838:WARNING:pe_image_reader.cc(280)] could not read dos header from C:\Windows\system32\CRYPT32.dll
[0725/235838:ERROR:process_reader_win.cc(232)] ReadMemory at 0x7ff8cc8a0000 of 64 bytes failed: Only part of a ReadProcessMemory or WriteProcessMemory request was completed. (0x12B)
[0725/235838:WARNING:pe_image_reader.cc(280)] could not read dos header from C:\Windows\system32\WINTRUST.dll
[0725/235838:ERROR:process_reader_win.cc(232)] ReadMemory at 0x7ff8bcd70000 of 64 bytes failed: Only part of a ReadProcessMemory or WriteProcessMemory request was completed. (0x12B)
[0725/235838:WARNING:pe_image_reader.cc(280)] could not read dos header from C:\Windows\SYSTEM32\Secur32.dll
[0725/235838:ERROR:process_reader_win.cc(232)] ReadMemory at 0x7ff8cb9f0000 of 64 bytes failed: Only part of a ReadProcessMemory or WriteProcessMemory request was completed. (0x12B)
[0725/235838:WARNING:pe_image_reader.cc(280)] could not read dos header from C:\Windows\SYSTEM32\SSPICLI.DLL
[0725/235838:ERROR:process_reader_win.cc(232)] ReadMemory at 0x7ff89e370000 of 64 bytes failed: Only part of a ReadProcessMemory or WriteProcessMemory request was completed. (0x12B)
[0725/235838:WARNING:pe_image_reader.cc(280)] could not read dos header from C:\Program Files (x86)\Google\Chrome\Application\51.0.2704.106\chrome_child.dll
[0725/235838:ERROR:process_reader_win.cc(232)] ReadMemory at 0x7ff8c0430000 of 64 bytes failed: Only part of a ReadProcessMemory or WriteProcessMemory request was completed. (0x12B)
[0725/235838:WARNING:pe_image_reader.cc(280)] could not read dos header from C:\Windows\SYSTEM32\dwrite.dll
[0725/235838:ERROR:process_reader_win.cc(232)] ReadMemory at 0x7ff7fe8d1910 of 12 bytes failed: Only part of a ReadProcessMemory or WriteProcessMemory request was completed. (0x12B)
[0725/235838:WARNING:process_snapshot_win.cc(102)] ReadMemory ExceptionInformation failed
[0725/235838:WARNING:crash_report_exception_handler.cc(60)] ProcessSnapshotWin::InitializeException failed
[0725/235838:ERROR:scoped_process_suspend.cc(38)] NtResumeProcess, ntstatus=-1073741558
